[2016-03-02 23:33:44] START
[2016-03-02 23:33:52] CREATE db1.py: 0
[2016-03-02 23:35:44] EDIT surveys/models/db1.py: 6
[2016-03-02 23:35:51] EDIT surveys/models/db1.py: 0
[2016-03-02 23:36:31] EDIT surveys/models/db1.py: 0
[2016-03-02 23:38:33] EDIT surveys/controllers/default.py: -4
[2016-03-02 23:39:20] EDIT surveys/controllers/default.py: 0
[2016-03-02 23:40:58] EDIT surveys/controllers/default.py: 0
[2016-03-02 23:43:03] EDIT surveys/controllers/default.py: 0
[2016-03-02 23:43:49] EDIT surveys/models/db1.py: 0
[2016-03-02 23:44:22] EDIT surveys/models/db1.py: 0
[2016-03-02 23:44:42] EDIT surveys/models/db1.py: 1
[2016-03-02 23:45:58] EDIT surveys/controllers/default.py: 2
[2016-03-02 23:46:20] EDIT surveys/controllers/default.py: 0
[2016-03-03 00:01:22] EDIT surveys/controllers/default.py: 2
[2016-03-03 00:01:36] EDIT surveys/controllers/default.py: 0
[2016-03-03 00:01:48] EDIT surveys/controllers/default.py: 0
[2016-03-03 00:02:43] EDIT surveys/controllers/default.py: 2
[2016-03-03 00:03:07] EDIT surveys/controllers/default.py: 0
[2016-03-03 00:03:33] EDIT surveys/controllers/default.py: 0
[2016-03-03 00:05:54] EDIT surveys/controllers/default.py: 4
[2016-03-03 00:07:04] CREATE default/take_survey.html: 0
[2016-03-03 00:08:54] EDIT surveys/views/default/take_survey.html: 9
[2016-03-03 00:10:23] EDIT surveys/views/default/take_survey.html: 2
[2016-03-03 00:10:44] EDIT surveys/views/default/take_survey.html: 0
[2016-03-03 00:11:18] EDIT surveys/views/default/take_survey.html: 0
[2016-03-03 00:11:41] EDIT surveys/views/default/take_survey.html: 1
[2016-03-03 00:12:19] EDIT surveys/views/default/take_survey.html: 0
[2016-03-03 00:12:27] EDIT surveys/views/default/take_survey.html: 0
[2016-03-03 00:12:44] EDIT surveys/views/default/take_survey.html: 0
[2016-03-03 00:12:51] EDIT surveys/views/default/take_survey.html: 0
[2016-03-03 00:13:49] EDIT surveys/views/default/take_survey.html: 0
[2016-03-03 00:14:27] EDIT surveys/controllers/default.py: 3
[2016-03-03 00:14:49] EDIT surveys/controllers/default.py: 0
[2016-03-03 00:15:00] EDIT surveys/controllers/default.py: 0
[2016-03-03 00:15:21] EDIT surveys/controllers/default.py: 1
[2016-03-03 00:15:44] EDIT surveys/controllers/default.py: 1
[2016-03-03 00:15:54] EDIT surveys/controllers/default.py: 2
[2016-03-03 00:16:18] EDIT surveys/controllers/default.py: 0
[2016-03-03 00:16:40] EDIT surveys/controllers/default.py: 0
[2016-03-03 00:17:43] EDIT surveys/controllers/default.py: 4
[2016-03-03 00:18:10] CREATE default/see_results.html: 0
[2016-03-03 00:19:09] EDIT surveys/views/default/see_results.html: 10
[2016-03-03 00:19:24] EDIT surveys/views/default/see_results.html: -1
[2016-03-03 00:21:53] EDIT surveys/controllers/default.py: 1
[2016-03-03 00:21:59] EDIT surveys/controllers/default.py: 0
[2016-03-03 00:22:53] EDIT surveys/controllers/default.py: 0
[2016-03-03 00:23:36] EDIT surveys/views/default/index.html: -47
[2016-03-03 00:24:37] EDIT surveys/controllers/default.py: 0
[2016-03-03 00:25:22] EDIT surveys/controllers/default.py: 2
[2016-03-03 00:25:41] EDIT surveys/controllers/default.py: 0
[2016-03-03 00:26:47] EDIT surveys/controllers/default.py: 1
[2016-03-03 00:27:06] EDIT surveys/controllers/default.py: 0
[2016-03-03 00:27:49] EDIT surveys/controllers/default.py: 1
[2016-03-03 00:28:06] EDIT surveys/controllers/default.py: 0
[2016-03-03 00:28:24] EDIT surveys/controllers/default.py: 0
[2016-03-03 00:28:33] EDIT surveys/controllers/default.py: 0
[2016-03-03 00:28:59] EDIT surveys/controllers/default.py: 0
[2016-03-03 00:29:23] EDIT surveys/controllers/default.py: 0
[2016-03-03 00:30:27] EDIT surveys/controllers/default.py: 1
[2016-03-03 00:30:38] EDIT surveys/controllers/default.py: 0
[2016-03-03 00:31:56] EDIT surveys/controllers/default.py: 0
[2016-03-03 00:32:04] EDIT surveys/controllers/default.py: 0
[2016-03-03 00:34:38] EDIT surveys/controllers/default.py: 2
[2016-03-03 00:34:59] EDIT surveys/controllers/default.py: -2
[2016-03-03 00:35:13] EDIT surveys/controllers/default.py: 0
[2016-03-03 00:36:23] EDIT surveys/views/default/index.html: 1
[2016-03-03 00:37:04] EDIT surveys/views/default/index.html: 0
[2016-03-03 00:38:17] EDIT surveys/models/menu.py: 0
[2016-03-03 00:38:41] EDIT surveys/models/menu.py: 0
[2016-03-03 00:39:09] EDIT surveys/models/menu.py: -101
[2016-03-03 00:39:38] EDIT surveys/views/default/index.html: 1
[2016-03-03 00:40:09] EDIT surveys/views/default/index.html: 2
[2016-03-03 00:40:37] EDIT surveys/views/default/index.html: 1
[2016-03-03 00:41:15] EDIT surveys/views/default/index.html: 0
[2016-03-03 00:41:58] EDIT surveys/controllers/default.py: 1
[2016-03-03 00:42:16] EDIT surveys/controllers/default.py: 1
[2016-03-03 00:43:20] EDIT surveys/controllers/default.py: 3
[2016-03-03 00:43:38] EDIT surveys/controllers/default.py: 0
[2016-03-03 00:43:41] EDIT surveys/controllers/default.py: 0
[2016-03-03 00:43:43] EDIT surveys/controllers/default.py: 0
[2016-03-03 00:43:58] EDIT surveys/controllers/default.py: 0
[2016-03-03 00:45:59] EDIT surveys/models/db1.py: 1
[2016-03-03 00:46:05] EDIT surveys/models/db1.py: 0
[2016-03-03 00:47:44] EDIT surveys/controllers/default.py: 2
[2016-03-03 00:47:46] EDIT surveys/controllers/default.py: 0
[2016-03-03 00:50:09] EDIT surveys/controllers/default.py: 0
[2016-03-03 00:51:04] EDIT surveys/controllers/default.py: 0
[2016-03-03 00:51:33] EDIT surveys/controllers/default.py: 0
[2016-03-03 00:52:44] EDIT surveys/controllers/default.py: 0
[2016-03-03 00:54:34] EDIT surveys/controllers/default.py: 1
[2016-03-03 00:55:24] EDIT surveys/models/db1.py: 3
[2016-03-03 00:56:53] EDIT surveys/controllers/default.py: 4
[2016-03-03 00:57:28] EDIT surveys/controllers/default.py: 1
[2016-03-03 00:58:15] EDIT surveys/controllers/default.py: 0
[2016-03-03 00:59:27] EDIT surveys/controllers/default.py: 0
[2016-03-03 01:01:12] EDIT surveys/controllers/default.py: 0
[2016-03-03 01:01:40] EDIT surveys/models/db1.py: 0
[2016-03-03 01:03:03] EDIT surveys/controllers/default.py: 0
[2016-03-06 01:29:50] EDIT Quiz1/models/db1.py: 3
[2016-03-06 01:30:58] EDIT Quiz1/views/default/take_survey.html: 2
[2016-03-06 01:31:29] EDIT Quiz1/views/default/see_results.html: -3
[2016-03-06 01:31:48] EDIT Quiz1/models/db1.py: 0
[2016-03-06 01:32:01] EDIT Quiz1/controllers/default.py: 0
[2016-03-06 01:34:08] EDIT Quiz1/models/db1.py: 0
[2016-03-06 01:34:47] EDIT Quiz1/controllers/default.py: 1
[2016-03-06 01:34:58] EDIT Quiz1/controllers/default.py: 0
[2016-03-06 01:35:58] EDIT Quiz1/views/default/take_survey.html: -8
[2016-03-06 01:36:38] EDIT Quiz1/views/default/take_survey.html: 8
[2016-03-06 01:37:07] EDIT Quiz1/views/default/take_survey.html: 0
[2016-03-06 01:37:18] EDIT Quiz1/views/default/take_survey.html: 0
[2016-03-06 01:37:40] EDIT Quiz1/views/default/take_survey.html: 0
[2016-03-06 01:37:43] EDIT Quiz1/views/default/take_survey.html: 0
[2016-03-06 01:39:00] EDIT Quiz1/views/default/take_survey.html: 0
[2016-03-06 01:39:46] EDIT Quiz1/controllers/default.py: 0
[2016-03-06 01:39:51] EDIT Quiz1/controllers/default.py: 0
[2016-03-06 01:39:57] EDIT Quiz1/controllers/default.py: 0
[2016-03-06 01:40:16] EDIT Quiz1/controllers/default.py: 0
[2016-03-06 01:41:13] EDIT Quiz1/controllers/default.py: -6
[2016-03-06 01:41:35] EDIT Quiz1/views/default/take_survey.html: -8
[2016-03-06 01:41:54] EDIT Quiz1/controllers/default.py: 0
[2016-03-06 01:42:49] EDIT Quiz1/controllers/default.py: 6
[2016-03-06 01:43:10] EDIT Quiz1/controllers/default.py: 1
[2016-03-06 01:43:53] EDIT Quiz1/views/default/take_survey.html: 8
[2016-03-06 01:44:41] EDIT Quiz1/controllers/default.py: 0
[2016-03-06 01:45:17] EDIT Quiz1/views/default/take_survey.html: 0
[2016-03-06 01:46:15] EDIT Quiz1/views/default/take_survey.html: 1
[2016-03-06 01:46:49] EDIT Quiz1/controllers/default.py: 0
[2016-03-06 01:46:52] EDIT Quiz1/controllers/default.py: 0
[2016-03-06 01:47:19] EDIT Quiz1/models/db1.py: 0
[2016-03-06 01:47:56] EDIT Quiz1/models/db1.py: 0
[2016-03-06 01:48:15] EDIT Quiz1/models/db1.py: 0
[2016-03-06 01:48:34] EDIT Quiz1/controllers/default.py: 0
[2016-03-06 01:49:08] EDIT Quiz1/views/default/take_survey.html: 0
[2016-03-06 01:50:46] EDIT Quiz1/controllers/default.py: 0
[2016-03-06 01:51:16] EDIT Quiz1/views/default/take_survey.html: 0
[2016-03-06 01:52:28] EDIT Quiz1/controllers/default.py: 0
[2016-03-06 01:52:55] EDIT Quiz1/views/default/take_survey.html: 0
[2016-03-06 01:53:24] EDIT Quiz1/views/default/take_survey.html: 0
[2016-03-06 01:53:51] EDIT Quiz1/controllers/default.py: 0
[2016-03-06 01:54:05] EDIT Quiz1/controllers/default.py: 0
[2016-03-06 01:54:54] EDIT Quiz1/controllers/default.py: 0
[2016-03-06 01:58:36] EDIT Quiz1/models/db1.py: 1
[2016-03-06 01:58:56] EDIT Quiz1/models/db1.py: 0
[2016-03-06 01:59:58] EDIT Quiz1/models/db1.py: 0
[2016-03-06 02:02:11] EDIT Quiz1/models/db1.py: -1
[2016-03-06 02:03:50] EDIT Quiz1/models/db1.py: 0
[2016-03-06 02:04:16] EDIT Quiz1/controllers/default.py: 0
[2016-03-06 02:04:49] EDIT Quiz1/controllers/default.py: 0
[2016-03-06 02:05:02] EDIT Quiz1/controllers/default.py: 0
[2016-03-06 02:05:12] EDIT Quiz1/controllers/default.py: 0
[2016-03-06 02:05:58] EDIT Quiz1/controllers/default.py: 0
[2016-03-08 19:53:09] EDIT Quiz1/views/default/index.html: 0
[2016-03-08 19:53:54] EDIT Quiz1/views/default/index.html: 0
[2016-03-08 19:54:23] EDIT Quiz1/views/default/index.html: 0
[2016-03-08 19:54:36] EDIT Quiz1/views/default/index.html: 2
[2016-03-08 19:54:46] EDIT Quiz1/views/default/index.html: 0
[2016-03-08 19:55:26] EDIT Quiz1/models/db1.py: 0
[2016-03-08 19:56:21] EDIT Quiz1/controllers/default.py: 0
[2016-03-08 19:58:11] EDIT Quiz1/controllers/default.py: 0
[2016-03-08 20:03:24] EDIT Quiz1/controllers/default.py: 1
[2016-03-08 20:03:30] EDIT Quiz1/controllers/default.py: 0
[2016-03-08 20:03:37] EDIT Quiz1/controllers/default.py: 0
[2016-03-08 20:04:53] EDIT Quiz1/models/db1.py: 2
[2016-03-08 20:05:01] EDIT Quiz1/models/db1.py: 0
[2016-03-08 20:05:03] EDIT Quiz1/models/db1.py: 0
[2016-03-08 20:05:11] EDIT Quiz1/models/db1.py: 0
[2016-03-08 20:05:13] EDIT Quiz1/models/db1.py: 0
[2016-03-08 20:05:13] EDIT Quiz1/models/db1.py: 0
[2016-03-08 20:05:19] EDIT Quiz1/models/db1.py: -2
[2016-03-08 20:06:08] EDIT Quiz1/controllers/default.py: 0
[2016-03-08 20:07:19] EDIT Quiz1/controllers/default.py: 0
[2016-03-08 20:07:50] EDIT Quiz1/controllers/default.py: 0
[2016-03-08 20:08:21] EDIT Quiz1/controllers/default.py: 0
[2016-03-08 20:08:46] EDIT Quiz1/controllers/default.py: 0
[2016-03-08 20:09:21] EDIT Quiz1/controllers/default.py: 0
[2016-03-08 20:13:23] EDIT Quiz1/views/layout.html: 1
[2016-03-08 20:14:24] EDIT Quiz1/views/default/see_results.html: 6
[2016-03-08 20:15:29] EDIT Quiz1/views/layout.html: 4
[2016-03-08 20:15:49] EDIT Quiz1/views/layout.html: 0
[2016-03-08 20:16:17] EDIT Quiz1/views/default/see_results.html: -1
[2016-03-08 20:17:45] EDIT Quiz1/models/db1.py: 1
[2016-03-08 21:33:50] EDIT Quiz1/models/db1.py: 0
[2016-03-08 21:35:57] EDIT Quiz1/views/default/see_results.html: 0
[2016-03-08 21:36:18] EDIT Quiz1/views/default/see_results.html: 0
[2016-03-08 21:36:34] EDIT Quiz1/views/default/see_results.html: 0
[2016-03-08 21:37:35] EDIT Quiz1/views/default/see_results.html: 2
[2016-03-08 21:38:17] EDIT Quiz1/views/default/see_results.html: -2
[2016-03-08 21:39:06] EDIT Quiz1/views/default/see_results.html: 10
[2016-03-08 21:39:18] EDIT Quiz1/views/default/see_results.html: 0
[2016-03-08 21:40:01] EDIT Quiz1/views/default/see_results.html: 0
[2016-03-08 21:47:36] EDIT Quiz1/views/layout.html: 3
[2016-03-08 21:47:46] EDIT Quiz1/views/default/see_results.html: -10
[2016-03-08 21:47:56] EDIT Quiz1/views/layout.html: 0
[2016-03-08 21:50:10] EDIT Quiz1/views/layout.html: 0
[2016-03-08 21:52:56] EDIT Quiz1/views/layout.html: 0
[2016-03-08 21:53:53] EDIT Quiz1/views/layout.html: 8
[2016-03-08 21:54:04] EDIT Quiz1/views/layout.html: 0
[2016-03-08 21:59:20] EDIT Quiz1/views/default/see_results.html: 10
[2016-03-08 21:59:21] EDIT Quiz1/views/default/see_results.html: 0
[2016-03-08 22:02:40] EDIT Quiz1/views/layout.html: 0
[2016-03-08 22:03:10] EDIT Quiz1/views/layout.html: -6
[2016-03-08 22:03:18] EDIT Quiz1/views/layout.html: 6
[2016-03-08 22:03:55] EDIT Quiz1/views/layout.html: -1
[2016-03-08 22:04:09] EDIT Quiz1/views/layout.html: 0
[2016-03-08 22:04:32] EDIT Quiz1/views/default/see_results.html: -5
[2016-03-08 22:04:48] EDIT Quiz1/views/default/see_results.html: 5
[2016-03-08 22:05:22] EDIT Quiz1/views/default/see_results.html: 0
[2016-03-08 22:05:36] EDIT Quiz1/views/default/see_results.html: -10
[2016-03-08 22:06:11] EDIT Quiz1/views/layout.html: -3
[2016-03-08 22:06:22] EDIT Quiz1/views/default/see_results.html: 0
[2016-03-08 22:06:51] EDIT Quiz1/views/default/see_results.html: 10
[2016-03-08 22:07:15] EDIT Quiz1/views/layout.html: 0
[2016-03-08 22:07:24] EDIT Quiz1/views/layout.html: -1
[2016-03-08 22:07:32] EDIT Quiz1/views/layout.html: 1
[2016-03-08 22:17:59] EDIT Quiz1/views/layout.html: 4
[2016-03-08 22:18:07] EDIT Quiz1/views/layout.html: 0
[2016-03-08 22:18:19] EDIT Quiz1/views/layout.html: -3
[2016-03-08 22:18:27] EDIT Quiz1/views/layout.html: 3
[2016-03-08 22:19:25] EDIT Quiz1/views/default/see_results.html: 6
[2016-03-08 22:30:46] EDIT Quiz1/views/default/see_results.html: 0
[2016-03-08 22:30:50] EDIT Quiz1/views/default/see_results.html: 0
[2016-03-08 22:31:02] EDIT Quiz1/views/default/see_results.html: -9
[2016-03-08 22:31:10] EDIT Quiz1/views/default/see_results.html: 9
[2016-03-08 22:33:25] EDIT Quiz1/views/default/see_results.html: -9
[2016-03-08 22:33:29] EDIT Quiz1/views/default/see_results.html: 9
[2016-03-08 22:45:17] EDIT Quiz1/views/default/see_results.html: -14
[2016-03-08 22:45:30] EDIT Quiz1/views/layout.html: -6
[2016-03-08 22:45:59] EDIT Quiz1/views/layout.html: 6
[2016-03-08 23:23:22] EDIT Quiz1/views/default/see_results.html: 1
[2016-03-08 23:23:28] EDIT Quiz1/views/default/see_results.html: -1
[2016-03-09 00:19:22] EDIT Quiz1/models/db1.py: 0
[2016-03-09 00:20:29] EDIT Quiz1/views/default/see_results.html: 1
[2016-03-09 00:21:29] EDIT Quiz1/views/default/see_results.html: 0
[2016-03-09 00:21:37] EDIT Quiz1/views/default/see_results.html: 0
[2016-03-09 00:22:00] EDIT Quiz1/views/default/see_results.html: 0
[2016-03-09 00:22:07] EDIT Quiz1/views/default/see_results.html: 0
[2016-03-09 00:22:14] EDIT Quiz1/views/default/see_results.html: 0
[2016-03-09 00:22:19] EDIT Quiz1/views/default/see_results.html: 0
[2016-03-09 00:22:25] EDIT Quiz1/views/default/see_results.html: 0
[2016-03-09 00:22:37] EDIT Quiz1/views/default/see_results.html: 1
[2016-03-09 00:23:12] EDIT Quiz1/views/default/see_results.html: 0
[2016-03-09 00:23:20] EDIT Quiz1/views/default/see_results.html: 0
[2016-03-09 00:25:05] EDIT Quiz1/controllers/default.py: 8
[2016-03-09 00:25:38] EDIT Quiz1/controllers/default.py: 0
[2016-03-09 00:25:51] EDIT Quiz1/controllers/default.py: 0
[2016-03-09 00:25:54] EDIT Quiz1/controllers/default.py: 0
[2016-03-09 00:26:27] EDIT Quiz1/controllers/default.py: -8
[2016-03-12 22:34:09] CREATE default/create_survey.html: 0
[2016-03-12 22:35:23] DELETE Quiz1/views/default/create_survey.html: -3
[2016-03-12 22:38:04] CREATE default/create_survey.html: 0
[2016-03-12 22:42:25] EDIT Quiz1/views/default/create_survey.html: -2
[2016-03-13 00:45:33] DELETE Quiz1/views/default/create_survey.html: -2
[2016-03-13 00:46:28] EDIT Quiz1/models/db1.py: 0
[2016-03-16 22:33:06] EDIT Quiz1/controllers/default.py: 0
[2016-03-16 22:33:30] EDIT Quiz1/controllers/default.py: 0
[2016-03-16 22:33:40] EDIT Quiz1/controllers/default.py: 0
[2016-03-16 22:42:29] CREATE default/create_password.html: 0
[2016-03-16 22:45:06] EDIT Quiz1/views/default/create_password.html: 10
[2016-03-16 22:53:18] CREATE default/results.html: 0
[2016-03-16 22:54:48] EDIT Quiz1/views/default/results.html: 4
[2016-03-16 22:59:29] EDIT Quiz1/controllers/default.py: 8
[2016-03-16 23:00:02] EDIT Quiz1/controllers/default.py: 0
[2016-03-16 23:00:48] EDIT Quiz1/controllers/default.py: 0
[2016-03-16 23:02:16] EDIT Quiz1/controllers/default.py: 0
[2016-03-16 23:03:05] EDIT Quiz1/controllers/default.py: -8
[2016-03-16 23:03:22] EDIT Quiz1/controllers/default.py: 8
[2016-03-16 23:03:26] EDIT Quiz1/controllers/default.py: 0
[2016-03-16 23:03:52] EDIT Quiz1/controllers/default.py: -4
[2016-03-16 23:03:56] EDIT Quiz1/controllers/default.py: 0
[2016-03-16 23:04:08] EDIT Quiz1/controllers/default.py: 0
[2016-03-16 23:04:17] EDIT Quiz1/controllers/default.py: 0
[2016-03-16 23:04:23] EDIT Quiz1/controllers/default.py: 0
[2016-03-16 23:04:29] EDIT Quiz1/controllers/default.py: 0
[2016-03-16 23:04:51] EDIT Quiz1/controllers/default.py: -4
[2016-03-16 23:05:43] EDIT Quiz1/controllers/default.py: 0
[2016-03-16 23:25:12] EDIT Quiz1/models/db1.py: 0
[2016-03-16 23:28:55] EDIT Quiz1/controllers/default.py: 0
[2016-03-16 23:29:58] CREATE default/create_survey.html: 0
[2016-03-16 23:30:48] EDIT Quiz1/models/db1.py: 0
[2016-03-16 23:31:00] EDIT Quiz1/views/default/create_survey.html: 10
[2016-03-16 23:31:55] EDIT Quiz1/views/default/see_results.html: 1
[2016-03-16 23:39:48] EDIT Quiz1/views/default/see_results.html: -2
[2016-03-16 23:40:40] EDIT Quiz1/views/default/see_results.html: -7
[2016-03-16 23:41:04] EDIT Quiz1/views/default/see_results.html: 0
[2016-03-16 23:41:06] EDIT Quiz1/views/default/see_results.html: 0
[2016-03-16 23:41:23] EDIT Quiz1/views/default/see_results.html: 0
[2016-03-16 23:42:16] EDIT Quiz1/views/default/see_results.html: 9
[2016-03-16 23:42:59] EDIT Quiz1/views/default/see_results.html: -9
[2016-03-16 23:44:13] EDIT Quiz1/models/db1.py: -21
[2016-03-16 23:47:16] EDIT Quiz1/controllers/default.py: -20
[2016-03-16 23:48:53] EDIT Quiz1/views/default/take_survey.html: -2
[2016-03-16 23:50:02] EDIT Quiz1/controllers/default.py: 0
[2016-03-16 23:50:37] EDIT Quiz1/views/default/create_survey.html: -12
[2016-03-17 20:33:56] EDIT Quiz1/controllers/default.py: 0
[2016-03-17 20:34:09] EDIT Quiz1/controllers/default.py: 0
[2016-03-17 20:34:39] EDIT Quiz1/controllers/default.py: 0
[2016-03-17 20:35:44] EDIT Quiz1/views/default/create_survey.html: 12
[2016-03-17 20:36:28] EDIT Quiz1/controllers/default.py: 0
[2016-03-17 20:36:59] EDIT Quiz1/controllers/default.py: 1
[2016-03-17 20:37:34] EDIT Quiz1/controllers/default.py: 0
[2016-03-17 20:38:35] EDIT Quiz1/controllers/default.py: 0
[2016-03-17 20:40:00] EDIT Quiz1/models/db1.py: 0
[2016-03-17 20:40:14] EDIT Quiz1/models/db1.py: 0
[2016-03-17 20:43:11] EDIT Quiz1/models/db1.py: 24
[2016-03-17 20:44:05] CREATE default/create_survey2.html: 0
[2016-03-17 20:44:12] CREATE default/create_survey3.html: 0
[2016-03-17 20:44:26] EDIT Quiz1/views/default/create_survey2.html: 10
[2016-03-17 20:44:31] EDIT Quiz1/views/default/create_survey3.html: 10
[2016-03-17 21:36:22] EDIT Quiz1/views/default/see_results.html: 1
[2016-03-17 21:36:44] EDIT Quiz1/views/default/see_results.html: 0
[2016-03-17 21:37:47] EDIT Quiz1/views/default/see_results.html: 0
[2016-03-17 21:38:10] EDIT Quiz1/views/default/see_results.html: 0
[2016-03-17 21:38:24] EDIT Quiz1/views/default/see_results.html: 0
[2016-03-17 21:38:35] EDIT Quiz1/views/default/see_results.html: 0
[2016-03-17 21:38:54] EDIT Quiz1/views/default/see_results.html: 0
[2016-03-17 21:39:32] EDIT Quiz1/views/default/see_results.html: 0
[2016-03-17 21:39:51] EDIT Quiz1/views/default/see_results.html: 0
[2016-03-17 21:40:05] EDIT Quiz1/views/default/see_results.html: 0
[2016-03-17 21:40:40] EDIT Quiz1/views/default/see_results.html: 0
[2016-03-17 21:40:50] EDIT Quiz1/views/default/see_results.html: 0
[2016-03-17 22:56:18] CREATE default/manage.html: 0
[2016-03-17 23:13:48] EDIT Quiz1/views/default/see_results.html: 0
[2016-03-17 23:14:17] EDIT Quiz1/views/default/see_results.html: -1
[2016-03-17 23:15:33] EDIT Quiz1/views/default/see_results.html: -2
[2016-03-17 23:19:33] EDIT Quiz1/views/default/index.html: -1
[2016-03-18 00:13:25] EDIT Quiz1/models/db1.py: 0
[2016-03-18 00:13:47] EDIT Quiz1/models/db1.py: 0
[2016-03-18 01:58:52] CREATE controllers/d3js.py: 0
[2016-03-18 01:59:28] DELETE Quiz1/controllers/controllers/d3js.py: -1
[2016-03-18 01:59:36] CREATE d3js.py: 0
[2016-03-18 01:59:51] EDIT Quiz1/controllers/d3js.py: 3
[2016-03-18 02:01:00] CREATE default/histogram.html: 0
[2016-03-18 02:01:28] EDIT Quiz1/views/default/histogram.html: 22
